<?xml version="1.0" encoding="UTF-8"?>
<!-- Generated by org.testng.reporters.JUnitXMLReporter -->
<testsuite ignored="0" hostname="ADMINRG-D1VBJ0A" failures="0" tests="1" name="Test-Runner-2" time="209.47" errors="0" timestamp="2023-07-25T20:17:12 IST">
  <testcase classname="vtiger.OrganizationTests.CreateOrganizationWithIndustryTest" name="createOrgWithIndustryTest" time="103.647"/>
</testsuite> <!-- Test-Runner-2 -->
