<?xml version="1.0" encoding="UTF-8"?>
<!-- Generated by org.testng.reporters.JUnitXMLReporter -->
<testsuite ignored="0" hostname="ADMINRG-D1VBJ0A" failures="0" tests="2" name="Test-Runner-1" time="246.148" errors="0" timestamp="2023-07-25T20:17:49 IST">
  <testcase classname="vtiger.ContactsTests.CreateContactWithOrganizationTest" name="createContactWithOrgTest" time="128.436"/>
  <testcase classname="vtiger.ContactsTests.CreateContactWithOrganizationTest" name="demoTest" time="0.013"/>
</testsuite> <!-- Test-Runner-1 -->
