<?xml version="1.0" encoding="UTF-8"?>
<!-- Generated by org.testng.reporters.JUnitReportReporter -->
<testsuite hostname="ADMINRG-D1VBJ0A" failures="0" tests="2" name="vtiger.ContactsTests.CreateContactWithOrganizationTest" time="184.393" errors="0" timestamp="2023-08-09T13:09:47 IST" skipped="0">
  <testcase classname="vtiger.ContactsTests.CreateContactWithOrganizationTest" name="createContactWithOrgTest" time="130.150"/>
  <system-out>
    <![CDATA[Org link clicked
Create Org Lookup Image is clicked. 
Organization Created
Contact link clicked
Create Contact Look up image Clicked
Contact is created]]>
  </system-out>
  <testcase classname="vtiger.ContactsTests.CreateContactWithOrganizationTest" name="demoTest" time="54.243"/>
  <system-out/>
</testsuite> <!-- vtiger.ContactsTests.CreateContactWithOrganizationTest -->
