<?xml version="1.0" encoding="UTF-8"?>
<!-- Generated by org.testng.reporters.JUnitReportReporter -->
<testsuite hostname="ADMINRG-D1VBJ0A" failures="0" tests="5" name="vtiger.Practice.TestNGPractice" time="0.013" errors="0" timestamp="2023-07-19T19:49:48 IST" skipped="0">
  <testcase classname="vtiger.Practice.TestNGPractice" name="deleteCustomer" time="0.003"/>
  <system-out/>
  <testcase classname="vtiger.Practice.TestNGPractice" name="modifyCustomer" time="0.002"/>
  <system-out/>
  <testcase classname="vtiger.Practice.TestNGPractice" name="createCustomer" time="0.003"/>
  <system-out/>
  <testcase classname="vtiger.Practice.TestNGPractice" name="createCustomer" time="0.003"/>
  <system-out/>
  <testcase classname="vtiger.Practice.TestNGPractice" name="createCustomer" time="0.002"/>
  <system-out/>
</testsuite> <!-- vtiger.Practice.TestNGPractice -->
