<?xml version="1.0" encoding="UTF-8"?>
<!-- Generated by org.testng.reporters.JUnitReportReporter -->
<testsuite hostname="ADMINRG-D1VBJ0A" failures="0" tests="1" name="vtiger.ContactsTests.CreateContactWithOrganization" time="231.230" errors="0" timestamp="2023-07-19T19:49:48 IST" skipped="0">
  <testcase classname="vtiger.ContactsTests.CreateContactWithOrganization" name="createContactWithOrgTest" time="231.230"/>
  <system-out/>
</testsuite> <!-- vtiger.ContactsTests.CreateContactWithOrganization -->
