<?xml version="1.0" encoding="UTF-8"?>
<!-- Generated by org.testng.reporters.JUnitReportReporter -->
<testsuite hostname="ADMINRG-D1VBJ0A" failures="0" tests="3" name="vtiger.Practice.DataProviderPractice" time="0.499" errors="0" timestamp="2023-07-19T19:49:48 IST" skipped="0">
  <testcase classname="vtiger.Practice.DataProviderPractice" name="addToCartTest" time="0.007"/>
  <system-out/>
  <testcase classname="vtiger.Practice.DataProviderPractice" name="addToCartTest" time="0.490"/>
  <system-out/>
  <testcase classname="vtiger.Practice.DataProviderPractice" name="addToCartTest" time="0.002"/>
  <system-out/>
</testsuite> <!-- vtiger.Practice.DataProviderPractice -->
