<?xml version="1.0" encoding="UTF-8"?>
<!-- Generated by org.testng.reporters.JUnitReportReporter -->
<testsuite hostname="ADMINRG-D1VBJ0A" failures="0" tests="1" name="vtiger.OrganizationTests.CreateOrganizationWithIndustry" time="101.233" errors="0" timestamp="2023-07-17T21:35:04 IST" skipped="0">
  <testcase classname="vtiger.OrganizationTests.CreateOrganizationWithIndustry" name="createOrgWithIndustryTest" time="101.233"/>
  <system-out/>
</testsuite> <!-- vtiger.OrganizationTests.CreateOrganizationWithIndustry -->
